  % Total    % Received % Xferd  Average Speed   Time    Time     Time  Current
                                 Dload  Upload   Total   Spent    Left  Speed
  0     0    0     0    0     0      0      0 --:--:-- --:--:-- --:--:--     0*   Trying 18.191.37.80...
* TCP_NODELAY set
* Connected to ec2-18-191-37-80.us-east-2.compute.amazonaws.com (18.191.37.80) port 80 (#0)
> GET / HTTP/1.1
> Host: ec2-18-191-37-80.us-east-2.compute.amazonaws.com
> User-Agent: curl/7.63.0
> Accept: */*
> Cookie: login=eyJ1c2VybmFtZSI6ImF3ZGVvcmlvIn0.XG1n4g.lTU_jPEYu8-FFTYOC1Jz1i2sKc8
> 
< HTTP/1.1 200 OK
< Server: nginx/1.10.3 (Ubuntu)
< Date: Wed, 20 Feb 2019 15:28:53 GMT
< Content-Type: text/html; charset=utf-8
< Content-Length: 867
< Connection: keep-alive
< Vary: Cookie
< 
{ [867 bytes data]
100   867  100   867    0     0   9031      0 --:--:-- --:--:-- --:--:--  9031
* Connection #0 to host ec2-18-191-37-80.us-east-2.compute.amazonaws.com left intact
